[2019-01-10 18:22:28] Текст ошибки: Class 'R' not found | Файл: C:\OSPanel\domains\santehnikpro\app\widgets\constants\Constants.php | Строка: 11
=====================
[2019-01-10 18:24:42] Текст ошибки: Class 'R' not found | Файл: C:\OSPanel\domains\santehnikpro\app\widgets\constants\Constants.php | Строка: 11
=====================
[2019-01-10 18:40:20] Текст ошибки: Страница не найдена | Файл: C:\OSPanel\domains\santehnikpro\vendor\ishop\core\Router.php | Строка: 44
=====================
[2019-01-10 18:40:20] Текст ошибки: Страница не найдена | Файл: C:\OSPanel\domains\santehnikpro\vendor\ishop\core\Router.php | Строка: 44
=====================
[2019-01-10 18:40:20] Текст ошибки: Страница не найдена | Файл: C:\OSPanel\domains\santehnikpro\vendor\ishop\core\Router.php | Строка: 44
=====================
[2019-01-10 18:40:20] Текст ошибки: Страница не найдена | Файл: C:\OSPanel\domains\santehnikpro\vendor\ishop\core\Router.php | Строка: 44
=====================
[2019-01-10 18:40:20] Текст ошибки: Страница не найдена | Файл: C:\OSPanel\domains\santehnikpro\vendor\ishop\core\Router.php | Строка: 44
=====================
[2019-01-10 18:40:20] Текст ошибки: Страница не найдена | Файл: C:\OSPanel\domains\santehnikpro\vendor\ishop\core\Router.php | Строка: 44
=====================
[2019-01-10 18:40:20] Текст ошибки: Страница не найдена | Файл: C:\OSPanel\domains\santehnikpro\vendor\ishop\core\Router.php | Строка: 44
=====================
[2019-01-10 18:40:20] Текст ошибки: Страница не найдена | Файл: C:\OSPanel\domains\santehnikpro\vendor\ishop\core\Router.php | Строка: 44
=====================
[2019-01-10 18:40:20] Текст ошибки: Страница не найдена | Файл: C:\OSPanel\domains\santehnikpro\vendor\ishop\core\Router.php | Строка: 44
=====================
[2019-01-10 18:40:20] Текст ошибки: Страница не найдена | Файл: C:\OSPanel\domains\santehnikpro\vendor\ishop\core\Router.php | Строка: 44
=====================
[2019-01-10 18:40:20] Текст ошибки: Страница не найдена | Файл: C:\OSPanel\domains\santehnikpro\vendor\ishop\core\Router.php | Строка: 44
=====================
[2019-01-10 18:40:20] Текст ошибки: Страница не найдена | Файл: C:\OSPanel\domains\santehnikpro\vendor\ishop\core\Router.php | Строка: 44
=====================
[2019-01-10 18:40:20] Текст ошибки: Страница не найдена | Файл: C:\OSPanel\domains\santehnikpro\vendor\ishop\core\Router.php | Строка: 44
=====================
[2019-01-10 18:40:20] Текст ошибки: Страница не найдена | Файл: C:\OSPanel\domains\santehnikpro\vendor\ishop\core\Router.php | Строка: 44
=====================
[2019-01-10 18:40:20] Текст ошибки: Страница не найдена | Файл: C:\OSPanel\domains\santehnikpro\vendor\ishop\core\Router.php | Строка: 44
=====================
[2019-01-10 18:40:20] Текст ошибки: Страница не найдена | Файл: C:\OSPanel\domains\santehnikpro\vendor\ishop\core\Router.php | Строка: 44
=====================
[2019-01-10 18:40:21] Текст ошибки: Страница не найдена | Файл: C:\OSPanel\domains\santehnikpro\vendor\ishop\core\Router.php | Строка: 44
=====================
[2019-01-10 18:40:21] Текст ошибки: Страница не найдена | Файл: C:\OSPanel\domains\santehnikpro\vendor\ishop\core\Router.php | Строка: 44
=====================
[2019-01-10 18:40:21] Текст ошибки: Страница не найдена | Файл: C:\OSPanel\domains\santehnikpro\vendor\ishop\core\Router.php | Строка: 44
=====================
[2019-01-10 18:40:21] Текст ошибки: Страница не найдена | Файл: C:\OSPanel\domains\santehnikpro\vendor\ishop\core\Router.php | Строка: 44
=====================
[2019-01-10 18:40:21] Текст ошибки: Страница не найдена | Файл: C:\OSPanel\domains\santehnikpro\vendor\ishop\core\Router.php | Строка: 44
=====================
[2019-01-10 18:40:21] Текст ошибки: Страница не найдена | Файл: C:\OSPanel\domains\santehnikpro\vendor\ishop\core\Router.php | Строка: 44
=====================
[2019-01-10 18:40:21] Текст ошибки: Страница не найдена | Файл: C:\OSPanel\domains\santehnikpro\vendor\ishop\core\Router.php | Строка: 44
=====================
[2019-01-10 18:40:21] Текст ошибки: Страница не найдена | Файл: C:\OSPanel\domains\santehnikpro\vendor\ishop\core\Router.php | Строка: 44
=====================
[2019-01-10 18:40:21] Текст ошибки: Страница не найдена | Файл: C:\OSPanel\domains\santehnikpro\vendor\ishop\core\Router.php | Строка: 44
=====================
[2019-01-10 18:40:21] Текст ошибки: Страница не найдена | Файл: C:\OSPanel\domains\santehnikpro\vendor\ishop\core\Router.php | Строка: 44
=====================
[2019-01-10 18:40:21] Текст ошибки: Страница не найдена | Файл: C:\OSPanel\domains\santehnikpro\vendor\ishop\core\Router.php | Строка: 44
=====================
[2019-01-10 18:40:21] Текст ошибки: Страница не найдена | Файл: C:\OSPanel\domains\santehnikpro\vendor\ishop\core\Router.php | Строка: 44
=====================
[2019-01-10 18:40:21] Текст ошибки: Страница не найдена | Файл: C:\OSPanel\domains\santehnikpro\vendor\ishop\core\Router.php | Строка: 44
=====================
[2019-01-10 18:40:21] Текст ошибки: Страница не найдена | Файл: C:\OSPanel\domains\santehnikpro\vendor\ishop\core\Router.php | Строка: 44
=====================
[2019-01-10 18:40:21] Текст ошибки: Страница не найдена | Файл: C:\OSPanel\domains\santehnikpro\vendor\ishop\core\Router.php | Строка: 44
=====================
[2019-01-10 18:40:55] Текст ошибки: Страница не найдена | Файл: C:\OSPanel\domains\santehnikpro\vendor\ishop\core\Router.php | Строка: 44
=====================
[2019-01-10 18:40:55] Текст ошибки: Страница не найдена | Файл: C:\OSPanel\domains\santehnikpro\vendor\ishop\core\Router.php | Строка: 44
=====================
[2019-01-10 18:40:55] Текст ошибки: Страница не найдена | Файл: C:\OSPanel\domains\santehnikpro\vendor\ishop\core\Router.php | Строка: 44
=====================
[2019-01-10 18:40:55] Текст ошибки: Страница не найдена | Файл: C:\OSPanel\domains\santehnikpro\vendor\ishop\core\Router.php | Строка: 44
=====================
[2019-01-10 18:40:55] Текст ошибки: Страница не найдена | Файл: C:\OSPanel\domains\santehnikpro\vendor\ishop\core\Router.php | Строка: 44
=====================
[2019-01-10 18:40:55] Текст ошибки: Страница не найдена | Файл: C:\OSPanel\domains\santehnikpro\vendor\ishop\core\Router.php | Строка: 44
=====================
[2019-01-10 18:40:55] Текст ошибки: Страница не найдена | Файл: C:\OSPanel\domains\santehnikpro\vendor\ishop\core\Router.php | Строка: 44
=====================
[2019-01-10 18:40:55] Текст ошибки: Страница не найдена | Файл: C:\OSPanel\domains\santehnikpro\vendor\ishop\core\Router.php | Строка: 44
=====================
[2019-01-10 18:40:55] Текст ошибки: Страница не найдена | Файл: C:\OSPanel\domains\santehnikpro\vendor\ishop\core\Router.php | Строка: 44
=====================
[2019-01-10 18:40:55] Текст ошибки: Страница не найдена | Файл: C:\OSPanel\domains\santehnikpro\vendor\ishop\core\Router.php | Строка: 44
=====================
[2019-01-10 18:40:55] Текст ошибки: Страница не найдена | Файл: C:\OSPanel\domains\santehnikpro\vendor\ishop\core\Router.php | Строка: 44
=====================
[2019-01-10 18:40:55] Текст ошибки: Страница не найдена | Файл: C:\OSPanel\domains\santehnikpro\vendor\ishop\core\Router.php | Строка: 44
=====================
[2019-01-10 18:40:56] Текст ошибки: Страница не найдена | Файл: C:\OSPanel\domains\santehnikpro\vendor\ishop\core\Router.php | Строка: 44
=====================
[2019-01-10 18:40:56] Текст ошибки: Страница не найдена | Файл: C:\OSPanel\domains\santehnikpro\vendor\ishop\core\Router.php | Строка: 44
=====================
[2019-01-10 18:40:56] Текст ошибки: Страница не найдена | Файл: C:\OSPanel\domains\santehnikpro\vendor\ishop\core\Router.php | Строка: 44
=====================
[2019-01-10 18:40:56] Текст ошибки: Страница не найдена | Файл: C:\OSPanel\domains\santehnikpro\vendor\ishop\core\Router.php | Строка: 44
=====================
[2019-01-10 18:40:56] Текст ошибки: Страница не найдена | Файл: C:\OSPanel\domains\santehnikpro\vendor\ishop\core\Router.php | Строка: 44
=====================
[2019-01-10 18:40:56] Текст ошибки: Страница не найдена | Файл: C:\OSPanel\domains\santehnikpro\vendor\ishop\core\Router.php | Строка: 44
=====================
[2019-01-10 18:40:56] Текст ошибки: Страница не найдена | Файл: C:\OSPanel\domains\santehnikpro\vendor\ishop\core\Router.php | Строка: 44
=====================
[2019-01-10 18:40:56] Текст ошибки: Страница не найдена | Файл: C:\OSPanel\domains\santehnikpro\vendor\ishop\core\Router.php | Строка: 44
=====================
[2019-01-10 18:40:56] Текст ошибки: Страница не найдена | Файл: C:\OSPanel\domains\santehnikpro\vendor\ishop\core\Router.php | Строка: 44
=====================
[2019-01-10 18:40:56] Текст ошибки: Страница не найдена | Файл: C:\OSPanel\domains\santehnikpro\vendor\ishop\core\Router.php | Строка: 44
=====================
[2019-01-10 18:40:56] Текст ошибки: Страница не найдена | Файл: C:\OSPanel\domains\santehnikpro\vendor\ishop\core\Router.php | Строка: 44
=====================
[2019-01-10 18:40:56] Текст ошибки: Страница не найдена | Файл: C:\OSPanel\domains\santehnikpro\vendor\ishop\core\Router.php | Строка: 44
=====================
[2019-01-10 18:40:56] Текст ошибки: Страница не найдена | Файл: C:\OSPanel\domains\santehnikpro\vendor\ishop\core\Router.php | Строка: 44
=====================
[2019-01-10 18:40:56] Текст ошибки: Страница не найдена | Файл: C:\OSPanel\domains\santehnikpro\vendor\ishop\core\Router.php | Строка: 44
=====================
[2019-01-10 18:40:56] Текст ошибки: Страница не найдена | Файл: C:\OSPanel\domains\santehnikpro\vendor\ishop\core\Router.php | Строка: 44
=====================
[2019-01-10 18:40:56] Текст ошибки: Страница не найдена | Файл: C:\OSPanel\domains\santehnikpro\vendor\ishop\core\Router.php | Строка: 44
=====================
[2019-01-10 18:40:56] Текст ошибки: Страница не найдена | Файл: C:\OSPanel\domains\santehnikpro\vendor\ishop\core\Router.php | Строка: 44
=====================
[2019-01-10 18:40:56] Текст ошибки: Страница не найдена | Файл: C:\OSPanel\domains\santehnikpro\vendor\ishop\core\Router.php | Строка: 44
=====================
[2019-01-10 18:40:56] Текст ошибки: Страница не найдена | Файл: C:\OSPanel\domains\santehnikpro\vendor\ishop\core\Router.php | Строка: 44
=====================
[2019-01-10 18:40:57] Текст ошибки: Страница не найдена | Файл: C:\OSPanel\domains\santehnikpro\vendor\ishop\core\Router.php | Строка: 44
=====================
[2019-01-10 18:40:57] Текст ошибки: Страница не найдена | Файл: C:\OSPanel\domains\santehnikpro\vendor\ishop\core\Router.php | Строка: 44
=====================
[2019-01-10 18:40:57] Текст ошибки: Страница не найдена | Файл: C:\OSPanel\domains\santehnikpro\vendor\ishop\core\Router.php | Строка: 44
=====================
[2019-01-10 18:40:57] Текст ошибки: Страница не найдена | Файл: C:\OSPanel\domains\santehnikpro\vendor\ishop\core\Router.php | Строка: 44
=====================
[2019-01-10 18:40:58] Текст ошибки: Страница не найдена | Файл: C:\OSPanel\domains\santehnikpro\vendor\ishop\core\Router.php | Строка: 44
=====================
[2019-01-10 18:40:58] Текст ошибки: Страница не найдена | Файл: C:\OSPanel\domains\santehnikpro\vendor\ishop\core\Router.php | Строка: 44
=====================
[2019-01-10 18:40:58] Текст ошибки: Страница не найдена | Файл: C:\OSPanel\domains\santehnikpro\vendor\ishop\core\Router.php | Строка: 44
=====================
[2019-01-10 18:40:58] Текст ошибки: Страница не найдена | Файл: C:\OSPanel\domains\santehnikpro\vendor\ishop\core\Router.php | Строка: 44
=====================
[2019-01-10 18:40:58] Текст ошибки: Страница не найдена | Файл: C:\OSPanel\domains\santehnikpro\vendor\ishop\core\Router.php | Строка: 44
=====================
[2019-01-10 18:40:58] Текст ошибки: Страница не найдена | Файл: C:\OSPanel\domains\santehnikpro\vendor\ishop\core\Router.php | Строка: 44
=====================
[2019-01-10 18:40:58] Текст ошибки: Страница не найдена | Файл: C:\OSPanel\domains\santehnikpro\vendor\ishop\core\Router.php | Строка: 44
=====================
[2019-01-10 18:40:58] Текст ошибки: Страница не найдена | Файл: C:\OSPanel\domains\santehnikpro\vendor\ishop\core\Router.php | Строка: 44
=====================
[2019-01-10 18:40:58] Текст ошибки: Страница не найдена | Файл: C:\OSPanel\domains\santehnikpro\vendor\ishop\core\Router.php | Строка: 44
=====================
[2019-01-10 18:40:58] Текст ошибки: Страница не найдена | Файл: C:\OSPanel\domains\santehnikpro\vendor\ishop\core\Router.php | Строка: 44
=====================
[2019-01-10 18:40:58] Текст ошибки: Страница не найдена | Файл: C:\OSPanel\domains\santehnikpro\vendor\ishop\core\Router.php | Строка: 44
=====================
[2019-01-10 18:40:58] Текст ошибки: Страница не найдена | Файл: C:\OSPanel\domains\santehnikpro\vendor\ishop\core\Router.php | Строка: 44
=====================
[2019-01-10 18:40:58] Текст ошибки: Страница не найдена | Файл: C:\OSPanel\domains\santehnikpro\vendor\ishop\core\Router.php | Строка: 44
=====================
[2019-01-10 18:40:58] Текст ошибки: Страница не найдена | Файл: C:\OSPanel\domains\santehnikpro\vendor\ishop\core\Router.php | Строка: 44
=====================
[2019-01-10 18:40:58] Текст ошибки: Страница не найдена | Файл: C:\OSPanel\domains\santehnikpro\vendor\ishop\core\Router.php | Строка: 44
=====================
[2019-01-10 18:40:58] Текст ошибки: Страница не найдена | Файл: C:\OSPanel\domains\santehnikpro\vendor\ishop\core\Router.php | Строка: 44
=====================
[2019-01-10 18:40:58] Текст ошибки: Страница не найдена | Файл: C:\OSPanel\domains\santehnikpro\vendor\ishop\core\Router.php | Строка: 44
=====================
[2019-01-10 18:40:58] Текст ошибки: Страница не найдена | Файл: C:\OSPanel\domains\santehnikpro\vendor\ishop\core\Router.php | Строка: 44
=====================
[2019-01-10 18:40:58] Текст ошибки: Страница не найдена | Файл: C:\OSPanel\domains\santehnikpro\vendor\ishop\core\Router.php | Строка: 44
=====================
[2019-01-10 18:40:58] Текст ошибки: Страница не найдена | Файл: C:\OSPanel\domains\santehnikpro\vendor\ishop\core\Router.php | Строка: 44
=====================
[2019-01-10 18:40:58] Текст ошибки: Страница не найдена | Файл: C:\OSPanel\domains\santehnikpro\vendor\ishop\core\Router.php | Строка: 44
=====================
[2019-01-10 18:40:58] Текст ошибки: Страница не найдена | Файл: C:\OSPanel\domains\santehnikpro\vendor\ishop\core\Router.php | Строка: 44
=====================
[2019-01-10 18:40:58] Текст ошибки: Страница не найдена | Файл: C:\OSPanel\domains\santehnikpro\vendor\ishop\core\Router.php | Строка: 44
=====================
[2019-01-10 18:40:58] Текст ошибки: Страница не найдена | Файл: C:\OSPanel\domains\santehnikpro\vendor\ishop\core\Router.php | Строка: 44
=====================
[2019-01-10 18:40:58] Текст ошибки: Страница не найдена | Файл: C:\OSPanel\domains\santehnikpro\vendor\ishop\core\Router.php | Строка: 44
=====================
[2019-01-10 18:40:58] Текст ошибки: Страница не найдена | Файл: C:\OSPanel\domains\santehnikpro\vendor\ishop\core\Router.php | Строка: 44
=====================
[2019-01-10 18:40:58] Текст ошибки: Страница не найдена | Файл: C:\OSPanel\domains\santehnikpro\vendor\ishop\core\Router.php | Строка: 44
=====================
[2019-01-10 18:41:23] Текст ошибки: Страница не найдена | Файл: C:\OSPanel\domains\santehnikpro\vendor\ishop\core\Router.php | Строка: 44
=====================
[2019-01-10 18:41:23] Текст ошибки: Страница не найдена | Файл: C:\OSPanel\domains\santehnikpro\vendor\ishop\core\Router.php | Строка: 44
=====================
[2019-01-10 18:41:23] Текст ошибки: Страница не найдена | Файл: C:\OSPanel\domains\santehnikpro\vendor\ishop\core\Router.php | Строка: 44
=====================
[2019-01-10 18:41:23] Текст ошибки: Страница не найдена | Файл: C:\OSPanel\domains\santehnikpro\vendor\ishop\core\Router.php | Строка: 44
=====================
[2019-01-10 18:41:23] Текст ошибки: Страница не найдена | Файл: C:\OSPanel\domains\santehnikpro\vendor\ishop\core\Router.php | Строка: 44
=====================
[2019-01-10 18:41:23] Текст ошибки: Страница не найдена | Файл: C:\OSPanel\domains\santehnikpro\vendor\ishop\core\Router.php | Строка: 44
=====================
[2019-01-10 18:41:23] Текст ошибки: Страница не найдена | Файл: C:\OSPanel\domains\santehnikpro\vendor\ishop\core\Router.php | Строка: 44
=====================
[2019-01-10 18:41:23] Текст ошибки: Страница не найдена | Файл: C:\OSPanel\domains\santehnikpro\vendor\ishop\core\Router.php | Строка: 44
=====================
[2019-01-10 18:41:23] Текст ошибки: Страница не найдена | Файл: C:\OSPanel\domains\santehnikpro\vendor\ishop\core\Router.php | Строка: 44
=====================
[2019-01-10 18:41:23] Текст ошибки: Страница не найдена | Файл: C:\OSPanel\domains\santehnikpro\vendor\ishop\core\Router.php | Строка: 44
=====================
[2019-01-10 18:41:23] Текст ошибки: Страница не найдена | Файл: C:\OSPanel\domains\santehnikpro\vendor\ishop\core\Router.php | Строка: 44
=====================
[2019-01-10 18:41:23] Текст ошибки: Страница не найдена | Файл: C:\OSPanel\domains\santehnikpro\vendor\ishop\core\Router.php | Строка: 44
=====================
[2019-01-10 18:41:23] Текст ошибки: Страница не найдена | Файл: C:\OSPanel\domains\santehnikpro\vendor\ishop\core\Router.php | Строка: 44
=====================
[2019-01-10 18:41:23] Текст ошибки: Страница не найдена | Файл: C:\OSPanel\domains\santehnikpro\vendor\ishop\core\Router.php | Строка: 44
=====================
[2019-01-10 18:41:23] Текст ошибки: Страница не найдена | Файл: C:\OSPanel\domains\santehnikpro\vendor\ishop\core\Router.php | Строка: 44
=====================
[2019-01-10 18:41:23] Текст ошибки: Страница не найдена | Файл: C:\OSPanel\domains\santehnikpro\vendor\ishop\core\Router.php | Строка: 44
=====================
[2019-01-10 18:41:23] Текст ошибки: Страница не найдена | Файл: C:\OSPanel\domains\santehnikpro\vendor\ishop\core\Router.php | Строка: 44
=====================
[2019-01-10 18:41:23] Текст ошибки: Страница не найдена | Файл: C:\OSPanel\domains\santehnikpro\vendor\ishop\core\Router.php | Строка: 44
=====================
[2019-01-10 18:41:24] Текст ошибки: Страница не найдена | Файл: C:\OSPanel\domains\santehnikpro\vendor\ishop\core\Router.php | Строка: 44
=====================
[2019-01-10 18:41:24] Текст ошибки: Страница не найдена | Файл: C:\OSPanel\domains\santehnikpro\vendor\ishop\core\Router.php | Строка: 44
=====================
[2019-01-10 18:41:24] Текст ошибки: Страница не найдена | Файл: C:\OSPanel\domains\santehnikpro\vendor\ishop\core\Router.php | Строка: 44
=====================
[2019-01-10 18:41:24] Текст ошибки: Страница не найдена | Файл: C:\OSPanel\domains\santehnikpro\vendor\ishop\core\Router.php | Строка: 44
=====================
[2019-01-10 18:41:24] Текст ошибки: Страница не найдена | Файл: C:\OSPanel\domains\santehnikpro\vendor\ishop\core\Router.php | Строка: 44
=====================
[2019-01-10 18:41:24] Текст ошибки: Страница не найдена | Файл: C:\OSPanel\domains\santehnikpro\vendor\ishop\core\Router.php | Строка: 44
=====================
[2019-01-10 18:41:24] Текст ошибки: Страница не найдена | Файл: C:\OSPanel\domains\santehnikpro\vendor\ishop\core\Router.php | Строка: 44
=====================
[2019-01-10 18:41:24] Текст ошибки: Страница не найдена | Файл: C:\OSPanel\domains\santehnikpro\vendor\ishop\core\Router.php | Строка: 44
=====================
[2019-01-10 18:41:24] Текст ошибки: Страница не найдена | Файл: C:\OSPanel\domains\santehnikpro\vendor\ishop\core\Router.php | Строка: 44
=====================
[2019-01-10 18:41:24] Текст ошибки: Страница не найдена | Файл: C:\OSPanel\domains\santehnikpro\vendor\ishop\core\Router.php | Строка: 44
=====================
[2019-01-10 18:41:24] Текст ошибки: Страница не найдена | Файл: C:\OSPanel\domains\santehnikpro\vendor\ishop\core\Router.php | Строка: 44
=====================
[2019-01-10 18:41:24] Текст ошибки: Страница не найдена | Файл: C:\OSPanel\domains\santehnikpro\vendor\ishop\core\Router.php | Строка: 44
=====================
[2019-01-10 18:41:24] Текст ошибки: Страница не найдена | Файл: C:\OSPanel\domains\santehnikpro\vendor\ishop\core\Router.php | Строка: 44
=====================
[2019-01-10 18:45:18] Текст ошибки: syntax error, unexpected '?>' | Файл: C:\OSPanel\domains\santehnikpro\app\views\layouts\admin.php | Строка: 512
=====================
[2019-01-10 18:45:36] Текст ошибки: syntax error, unexpected '1' (T_LNUMBER), expecting variable (T_VARIABLE) or '{' or '$' | Файл: C:\OSPanel\domains\santehnikpro\app\views\layouts\admin.php | Строка: 512
=====================
